<?xml version="1.0" encoding="UTF-8"?>
<!-- Generated by org.testng.reporters.JUnitXMLReporter -->
<testsuite ignored="0" hostname="DESKTOP-AGOQQT3" failures="0" tests="30" name="Default test" time="63.871" errors="0" timestamp="2024-04-18T15:29:35 IST">
  <testcase classname="Origin.AFMC.Login" name="launch" time="2.967"/>
  <testcase classname="Origin.AFMC.Login" name="launch" time="2.131"/>
  <testcase classname="Origin.AFMC.Login" name="launch" time="2.197"/>
  <testcase classname="Origin.AFMC.Login" name="launch" time="1.87"/>
  <testcase classname="Origin.AFMC.Login" name="launch" time="1.974"/>
  <testcase classname="Origin.AFMC.Login" name="launch" time="1.781"/>
  <testcase classname="Origin.AFMC.Login" name="launch" time="2.384"/>
  <testcase classname="Origin.AFMC.Login" name="launch" time="1.934"/>
  <testcase classname="Origin.AFMC.Login" name="launch" time="1.873"/>
  <testcase classname="Origin.AFMC.Login" name="launch" time="1.905"/>
  <testcase classname="Origin.AFMC.Login" name="launch" time="1.835"/>
  <testcase classname="Origin.AFMC.Login" name="launch" time="1.804"/>
  <testcase classname="Origin.AFMC.Login" name="launch" time="1.891"/>
  <testcase classname="Origin.AFMC.Login" name="launch" time="2.029"/>
  <testcase classname="Origin.AFMC.Login" name="launch" time="1.916"/>
  <testcase classname="Origin.AFMC.Login" name="launch" time="2.048"/>
  <testcase classname="Origin.AFMC.Login" name="launch" time="2.121"/>
  <testcase classname="Origin.AFMC.Login" name="launch" time="2.086"/>
  <testcase classname="Origin.AFMC.Login" name="launch" time="2.359"/>
  <testcase classname="Origin.AFMC.Login" name="launch" time="2.723"/>
  <testcase classname="Origin.AFMC.Login" name="launch" time="2.002"/>
  <testcase classname="Origin.AFMC.Login" name="launch" time="2.128"/>
  <testcase classname="Origin.AFMC.Login" name="launch" time="2.193"/>
  <testcase classname="Origin.AFMC.Login" name="launch" time="2.016"/>
  <testcase classname="Origin.AFMC.Login" name="launch" time="2.018"/>
  <testcase classname="Origin.AFMC.Login" name="launch" time="2.092"/>
  <testcase classname="Origin.AFMC.Login" name="launch" time="2.161"/>
  <testcase classname="Origin.AFMC.Login" name="launch" time="2.201"/>
  <testcase classname="Origin.AFMC.Login" name="launch" time="2.041"/>
  <testcase classname="Origin.AFMC.Login" name="launch" time="1.948"/>
</testsuite> <!-- Default test -->
