<?xml version="1.0" encoding="UTF-8"?>
<!-- Generated by org.testng.reporters.JUnitXMLReporter -->
<testsuite ignored="0" hostname="DESKTOP-AGOQQT3" failures="0" tests="30" name="Default test" time="68.031" errors="0" timestamp="2024-04-18T13:08:00 IST">
  <testcase classname="Origin.AFMC.Login" name="launch" time="6.372"/>
  <testcase classname="Origin.AFMC.Login" name="launch" time="2.117"/>
  <testcase classname="Origin.AFMC.Login" name="launch" time="1.918"/>
  <testcase classname="Origin.AFMC.Login" name="launch" time="2.348"/>
  <testcase classname="Origin.AFMC.Login" name="launch" time="2.131"/>
  <testcase classname="Origin.AFMC.Login" name="launch" time="1.987"/>
  <testcase classname="Origin.AFMC.Login" name="launch" time="2.088"/>
  <testcase classname="Origin.AFMC.Login" name="launch" time="2.412"/>
  <testcase classname="Origin.AFMC.Login" name="launch" time="2.144"/>
  <testcase classname="Origin.AFMC.Login" name="launch" time="2.283"/>
  <testcase classname="Origin.AFMC.Login" name="launch" time="2.346"/>
  <testcase classname="Origin.AFMC.Login" name="launch" time="2.085"/>
  <testcase classname="Origin.AFMC.Login" name="launch" time="1.995"/>
  <testcase classname="Origin.AFMC.Login" name="launch" time="1.83"/>
  <testcase classname="Origin.AFMC.Login" name="launch" time="1.842"/>
  <testcase classname="Origin.AFMC.Login" name="launch" time="2.542"/>
  <testcase classname="Origin.AFMC.Login" name="launch" time="1.95"/>
  <testcase classname="Origin.AFMC.Login" name="launch" time="1.968"/>
  <testcase classname="Origin.AFMC.Login" name="launch" time="1.988"/>
  <testcase classname="Origin.AFMC.Login" name="launch" time="1.961"/>
  <testcase classname="Origin.AFMC.Login" name="launch" time="1.935"/>
  <testcase classname="Origin.AFMC.Login" name="launch" time="2.045"/>
  <testcase classname="Origin.AFMC.Login" name="launch" time="1.85"/>
  <testcase classname="Origin.AFMC.Login" name="launch" time="1.874"/>
  <testcase classname="Origin.AFMC.Login" name="launch" time="2.1"/>
  <testcase classname="Origin.AFMC.Login" name="launch" time="2.488"/>
  <testcase classname="Origin.AFMC.Login" name="launch" time="2.041"/>
  <testcase classname="Origin.AFMC.Login" name="launch" time="2.157"/>
  <testcase classname="Origin.AFMC.Login" name="launch" time="1.962"/>
  <testcase classname="Origin.AFMC.Login" name="launch" time="1.983"/>
</testsuite> <!-- Default test -->
