<?xml version="1.0" encoding="UTF-8"?>
<testng-results ignored="0" total="30" passed="30" failed="0" skipped="0">
  <reporter-output>
  </reporter-output>
  <suite started-at="2024-04-18T13:06:52 IST" name="Default suite" finished-at="2024-04-18T13:08:00 IST" duration-ms="68031">
    <groups>
    </groups>
    <test started-at="2024-04-18T13:06:52 IST" name="Default test" finished-at="2024-04-18T13:08:00 IST" duration-ms="68031">
      <class name="Origin.AFMC.Login">
        <test-method signature="launch(java.lang.String,java.lang.String,java.lang.String,java.lang.String,java.lang.String,java.lang.String)[pri:0, instance:Origin.AFMC.Login@7fb4f2a9]" started-at="2024-04-18T13:06:52 IST" name="launch" data-provider="logindata" finished-at="2024-04-18T13:06:58 IST" duration-ms="6372" status="PASS">
          <params>
            <param index="0">
              <value>
                <![CDATA[K44-GH8-955]]>
              </value>
            </param>
            <param index="1">
              <value>
                <![CDATA[FERTERRA]]>
              </value>
            </param>
            <param index="2">
              <value>
                <![CDATA[7.5KG]]>
              </value>
            </param>
            <param index="3">
              <value>
                <![CDATA[0424IB0066]]>
              </value>
            </param>
            <param index="4">
              <value>
                <![CDATA[15-Apr-2024]]>
              </value>
            </param>
            <param index="5">
              <value>
                <![CDATA[14-Apr-2026]]>
              </value>
            </param>
          </params>
          <reporter-output>
          </reporter-output>
        </test-method> <!-- launch -->
        <test-method is-config="true" signature="captureScreenshot(org.testng.ITestResult)[pri:0, instance:Origin.AFMC.Login@7fb4f2a9]" started-at="2024-04-18T13:06:59 IST" name="captureScreenshot" finished-at="2024-04-18T13:06:59 IST" duration-ms="2" status="PASS">
          <params>
            <param index="0">
              <value>
                <![CDATA[[TestResult name=launch status=SUCCESS method=Login.launch(java.lang.String,java.lang.String,java.lang.String,java.lang.String,java.lang.String,java.lang.String)[pri:0, instance:Origin.AFMC.Login@7fb4f2a9] output={null}]]]>
              </value>
            </param>
          </params>
          <reporter-output>
          </reporter-output>
        </test-method> <!-- captureScreenshot -->
        <test-method signature="launch(java.lang.String,java.lang.String,java.lang.String,java.lang.String,java.lang.String,java.lang.String)[pri:0, instance:Origin.AFMC.Login@7fb4f2a9]" started-at="2024-04-18T13:06:59 IST" name="launch" data-provider="logindata" finished-at="2024-04-18T13:07:01 IST" duration-ms="2117" status="PASS">
          <params>
            <param index="0">
              <value>
                <![CDATA[K44F-QQD-FB5]]>
              </value>
            </param>
            <param index="1">
              <value>
                <![CDATA[FERTERRA]]>
              </value>
            </param>
            <param index="2">
              <value>
                <![CDATA[7.5KG]]>
              </value>
            </param>
            <param index="3">
              <value>
                <![CDATA[0424IB0066]]>
              </value>
            </param>
            <param index="4">
              <value>
                <![CDATA[15-Apr-2024]]>
              </value>
            </param>
            <param index="5">
              <value>
                <![CDATA[14-Apr-2026]]>
              </value>
            </param>
          </params>
          <reporter-output>
          </reporter-output>
        </test-method> <!-- launch -->
        <test-method is-config="true" signature="captureScreenshot(org.testng.ITestResult)[pri:0, instance:Origin.AFMC.Login@7fb4f2a9]" started-at="2024-04-18T13:07:01 IST" name="captureScreenshot" finished-at="2024-04-18T13:07:01 IST" duration-ms="3" status="PASS">
          <params>
            <param index="0">
              <value>
                <![CDATA[[TestResult name=launch status=SUCCESS method=Login.launch(java.lang.String,java.lang.String,java.lang.String,java.lang.String,java.lang.String,java.lang.String)[pri:0, instance:Origin.AFMC.Login@7fb4f2a9] output={null}]]]>
              </value>
            </param>
          </params>
          <reporter-output>
          </reporter-output>
        </test-method> <!-- captureScreenshot -->
        <test-method signature="launch(java.lang.String,java.lang.String,java.lang.String,java.lang.String,java.lang.String,java.lang.String)[pri:0, instance:Origin.AFMC.Login@7fb4f2a9]" started-at="2024-04-18T13:07:01 IST" name="launch" data-provider="logindata" finished-at="2024-04-18T13:07:03 IST" duration-ms="1918" status="PASS">
          <params>
            <param index="0">
              <value>
                <![CDATA[K44F-O93-POS]]>
              </value>
            </param>
            <param index="1">
              <value>
                <![CDATA[FERTERRA]]>
              </value>
            </param>
            <param index="2">
              <value>
                <![CDATA[7.5KG]]>
              </value>
            </param>
            <param index="3">
              <value>
                <![CDATA[0424IB0066]]>
              </value>
            </param>
            <param index="4">
              <value>
                <![CDATA[15-Apr-2024]]>
              </value>
            </param>
            <param index="5">
              <value>
                <![CDATA[14-Apr-2026]]>
              </value>
            </param>
          </params>
          <reporter-output>
          </reporter-output>
        </test-method> <!-- launch -->
        <test-method is-config="true" signature="captureScreenshot(org.testng.ITestResult)[pri:0, instance:Origin.AFMC.Login@7fb4f2a9]" started-at="2024-04-18T13:07:03 IST" name="captureScreenshot" finished-at="2024-04-18T13:07:03 IST" duration-ms="1" status="PASS">
          <params>
            <param index="0">
              <value>
                <![CDATA[[TestResult name=launch status=SUCCESS method=Login.launch(java.lang.String,java.lang.String,java.lang.String,java.lang.String,java.lang.String,java.lang.String)[pri:0, instance:Origin.AFMC.Login@7fb4f2a9] output={null}]]]>
              </value>
            </param>
          </params>
          <reporter-output>
          </reporter-output>
        </test-method> <!-- captureScreenshot -->
        <test-method signature="launch(java.lang.String,java.lang.String,java.lang.String,java.lang.String,java.lang.String,java.lang.String)[pri:0, instance:Origin.AFMC.Login@7fb4f2a9]" started-at="2024-04-18T13:07:03 IST" name="launch" data-provider="logindata" finished-at="2024-04-18T13:07:05 IST" duration-ms="2348" status="PASS">
          <params>
            <param index="0">
              <value>
                <![CDATA[K44F-OGX-20C]]>
              </value>
            </param>
            <param index="1">
              <value>
                <![CDATA[FERTERRA]]>
              </value>
            </param>
            <param index="2">
              <value>
                <![CDATA[7.5KG]]>
              </value>
            </param>
            <param index="3">
              <value>
                <![CDATA[0424IB0066]]>
              </value>
            </param>
            <param index="4">
              <value>
                <![CDATA[15-Apr-2024]]>
              </value>
            </param>
            <param index="5">
              <value>
                <![CDATA[14-Apr-2026]]>
              </value>
            </param>
          </params>
          <reporter-output>
          </reporter-output>
        </test-method> <!-- launch -->
        <test-method is-config="true" signature="captureScreenshot(org.testng.ITestResult)[pri:0, instance:Origin.AFMC.Login@7fb4f2a9]" started-at="2024-04-18T13:07:05 IST" name="captureScreenshot" finished-at="2024-04-18T13:07:05 IST" duration-ms="0" status="PASS">
          <params>
            <param index="0">
              <value>
                <![CDATA[[TestResult name=launch status=SUCCESS method=Login.launch(java.lang.String,java.lang.String,java.lang.String,java.lang.String,java.lang.String,java.lang.String)[pri:0, instance:Origin.AFMC.Login@7fb4f2a9] output={null}]]]>
              </value>
            </param>
          </params>
          <reporter-output>
          </reporter-output>
        </test-method> <!-- captureScreenshot -->
        <test-method signature="launch(java.lang.String,java.lang.String,java.lang.String,java.lang.String,java.lang.String,java.lang.String)[pri:0, instance:Origin.AFMC.Login@7fb4f2a9]" started-at="2024-04-18T13:07:05 IST" name="launch" data-provider="logindata" finished-at="2024-04-18T13:07:07 IST" duration-ms="2131" status="PASS">
          <params>
            <param index="0">
              <value>
                <![CDATA[K44-GZT-TTE]]>
              </value>
            </param>
            <param index="1">
              <value>
                <![CDATA[FERTERRA]]>
              </value>
            </param>
            <param index="2">
              <value>
                <![CDATA[7.5KG]]>
              </value>
            </param>
            <param index="3">
              <value>
                <![CDATA[0424IB0066]]>
              </value>
            </param>
            <param index="4">
              <value>
                <![CDATA[15-Apr-2024]]>
              </value>
            </param>
            <param index="5">
              <value>
                <![CDATA[14-Apr-2026]]>
              </value>
            </param>
          </params>
          <reporter-output>
          </reporter-output>
        </test-method> <!-- launch -->
        <test-method is-config="true" signature="captureScreenshot(org.testng.ITestResult)[pri:0, instance:Origin.AFMC.Login@7fb4f2a9]" started-at="2024-04-18T13:07:07 IST" name="captureScreenshot" finished-at="2024-04-18T13:07:07 IST" duration-ms="0" status="PASS">
          <params>
            <param index="0">
              <value>
                <![CDATA[[TestResult name=launch status=SUCCESS method=Login.launch(java.lang.String,java.lang.String,java.lang.String,java.lang.String,java.lang.String,java.lang.String)[pri:0, instance:Origin.AFMC.Login@7fb4f2a9] output={null}]]]>
              </value>
            </param>
          </params>
          <reporter-output>
          </reporter-output>
        </test-method> <!-- captureScreenshot -->
        <test-method signature="launch(java.lang.String,java.lang.String,java.lang.String,java.lang.String,java.lang.String,java.lang.String)[pri:0, instance:Origin.AFMC.Login@7fb4f2a9]" started-at="2024-04-18T13:07:07 IST" name="launch" data-provider="logindata" finished-at="2024-04-18T13:07:09 IST" duration-ms="1987" status="PASS">
          <params>
            <param index="0">
              <value>
                <![CDATA[K44F-02T-I7T]]>
              </value>
            </param>
            <param index="1">
              <value>
                <![CDATA[FERTERRA]]>
              </value>
            </param>
            <param index="2">
              <value>
                <![CDATA[7.5KG]]>
              </value>
            </param>
            <param index="3">
              <value>
                <![CDATA[0424IB0066]]>
              </value>
            </param>
            <param index="4">
              <value>
                <![CDATA[15-Apr-2024]]>
              </value>
            </param>
            <param index="5">
              <value>
                <![CDATA[14-Apr-2026]]>
              </value>
            </param>
          </params>
          <reporter-output>
          </reporter-output>
        </test-method> <!-- launch -->
        <test-method is-config="true" signature="captureScreenshot(org.testng.ITestResult)[pri:0, instance:Origin.AFMC.Login@7fb4f2a9]" started-at="2024-04-18T13:07:09 IST" name="captureScreenshot" finished-at="2024-04-18T13:07:09 IST" duration-ms="0" status="PASS">
          <params>
            <param index="0">
              <value>
                <![CDATA[[TestResult name=launch status=SUCCESS method=Login.launch(java.lang.String,java.lang.String,java.lang.String,java.lang.String,java.lang.String,java.lang.String)[pri:0, instance:Origin.AFMC.Login@7fb4f2a9] output={null}]]]>
              </value>
            </param>
          </params>
          <reporter-output>
          </reporter-output>
        </test-method> <!-- captureScreenshot -->
        <test-method signature="launch(java.lang.String,java.lang.String,java.lang.String,java.lang.String,java.lang.String,java.lang.String)[pri:0, instance:Origin.AFMC.Login@7fb4f2a9]" started-at="2024-04-18T13:07:09 IST" name="launch" data-provider="logindata" finished-at="2024-04-18T13:07:11 IST" duration-ms="2088" status="PASS">
          <params>
            <param index="0">
              <value>
                <![CDATA[B44-GB8-ZUZ]]>
              </value>
            </param>
            <param index="1">
              <value>
                <![CDATA[Ferterra]]>
              </value>
            </param>
            <param index="2">
              <value>
                <![CDATA[4KG]]>
              </value>
            </param>
            <param index="3">
              <value>
                <![CDATA[0424BT0050]]>
              </value>
            </param>
            <param index="4">
              <value>
                <![CDATA[16-Apr-2024]]>
              </value>
            </param>
            <param index="5">
              <value>
                <![CDATA[15-Apr-2026]]>
              </value>
            </param>
          </params>
          <reporter-output>
          </reporter-output>
        </test-method> <!-- launch -->
        <test-method is-config="true" signature="captureScreenshot(org.testng.ITestResult)[pri:0, instance:Origin.AFMC.Login@7fb4f2a9]" started-at="2024-04-18T13:07:11 IST" name="captureScreenshot" finished-at="2024-04-18T13:07:11 IST" duration-ms="0" status="PASS">
          <params>
            <param index="0">
              <value>
                <![CDATA[[TestResult name=launch status=SUCCESS method=Login.launch(java.lang.String,java.lang.String,java.lang.String,java.lang.String,java.lang.String,java.lang.String)[pri:0, instance:Origin.AFMC.Login@7fb4f2a9] output={null}]]]>
              </value>
            </param>
          </params>
          <reporter-output>
          </reporter-output>
        </test-method> <!-- captureScreenshot -->
        <test-method signature="launch(java.lang.String,java.lang.String,java.lang.String,java.lang.String,java.lang.String,java.lang.String)[pri:0, instance:Origin.AFMC.Login@7fb4f2a9]" started-at="2024-04-18T13:07:11 IST" name="launch" data-provider="logindata" finished-at="2024-04-18T13:07:14 IST" duration-ms="2412" status="PASS">
          <params>
            <param index="0">
              <value>
                <![CDATA[B44H-QAX-ZWD]]>
              </value>
            </param>
            <param index="1">
              <value>
                <![CDATA[Ferterra]]>
              </value>
            </param>
            <param index="2">
              <value>
                <![CDATA[4KG]]>
              </value>
            </param>
            <param index="3">
              <value>
                <![CDATA[0424BT0050]]>
              </value>
            </param>
            <param index="4">
              <value>
                <![CDATA[16-Apr-2024]]>
              </value>
            </param>
            <param index="5">
              <value>
                <![CDATA[15-Apr-2026]]>
              </value>
            </param>
          </params>
          <reporter-output>
          </reporter-output>
        </test-method> <!-- launch -->
        <test-method is-config="true" signature="captureScreenshot(org.testng.ITestResult)[pri:0, instance:Origin.AFMC.Login@7fb4f2a9]" started-at="2024-04-18T13:07:14 IST" name="captureScreenshot" finished-at="2024-04-18T13:07:14 IST" duration-ms="1" status="PASS">
          <params>
            <param index="0">
              <value>
                <![CDATA[[TestResult name=launch status=SUCCESS method=Login.launch(java.lang.String,java.lang.String,java.lang.String,java.lang.String,java.lang.String,java.lang.String)[pri:0, instance:Origin.AFMC.Login@7fb4f2a9] output={null}]]]>
              </value>
            </param>
          </params>
          <reporter-output>
          </reporter-output>
        </test-method> <!-- captureScreenshot -->
        <test-method signature="launch(java.lang.String,java.lang.String,java.lang.String,java.lang.String,java.lang.String,java.lang.String)[pri:0, instance:Origin.AFMC.Login@7fb4f2a9]" started-at="2024-04-18T13:07:14 IST" name="launch" data-provider="logindata" finished-at="2024-04-18T13:07:16 IST" duration-ms="2144" status="PASS">
          <params>
            <param index="0">
              <value>
                <![CDATA[B44H-7E5-NFE]]>
              </value>
            </param>
            <param index="1">
              <value>
                <![CDATA[Ferterra]]>
              </value>
            </param>
            <param index="2">
              <value>
                <![CDATA[4KG]]>
              </value>
            </param>
            <param index="3">
              <value>
                <![CDATA[0424BT0050]]>
              </value>
            </param>
            <param index="4">
              <value>
                <![CDATA[16-Apr-2024]]>
              </value>
            </param>
            <param index="5">
              <value>
                <![CDATA[15-Apr-2026]]>
              </value>
            </param>
          </params>
          <reporter-output>
          </reporter-output>
        </test-method> <!-- launch -->
        <test-method is-config="true" signature="captureScreenshot(org.testng.ITestResult)[pri:0, instance:Origin.AFMC.Login@7fb4f2a9]" started-at="2024-04-18T13:07:16 IST" name="captureScreenshot" finished-at="2024-04-18T13:07:16 IST" duration-ms="0" status="PASS">
          <params>
            <param index="0">
              <value>
                <![CDATA[[TestResult name=launch status=SUCCESS method=Login.launch(java.lang.String,java.lang.String,java.lang.String,java.lang.String,java.lang.String,java.lang.String)[pri:0, instance:Origin.AFMC.Login@7fb4f2a9] output={null}]]]>
              </value>
            </param>
          </params>
          <reporter-output>
          </reporter-output>
        </test-method> <!-- captureScreenshot -->
        <test-method signature="launch(java.lang.String,java.lang.String,java.lang.String,java.lang.String,java.lang.String,java.lang.String)[pri:0, instance:Origin.AFMC.Login@7fb4f2a9]" started-at="2024-04-18T13:07:16 IST" name="launch" data-provider="logindata" finished-at="2024-04-18T13:07:18 IST" duration-ms="2283" status="PASS">
          <params>
            <param index="0">
              <value>
                <![CDATA[B44H-X7L-F4Y]]>
              </value>
            </param>
            <param index="1">
              <value>
                <![CDATA[Ferterra]]>
              </value>
            </param>
            <param index="2">
              <value>
                <![CDATA[4KG]]>
              </value>
            </param>
            <param index="3">
              <value>
                <![CDATA[0424BT0050]]>
              </value>
            </param>
            <param index="4">
              <value>
                <![CDATA[16-Apr-2024]]>
              </value>
            </param>
            <param index="5">
              <value>
                <![CDATA[15-Apr-2026]]>
              </value>
            </param>
          </params>
          <reporter-output>
          </reporter-output>
        </test-method> <!-- launch -->
        <test-method is-config="true" signature="captureScreenshot(org.testng.ITestResult)[pri:0, instance:Origin.AFMC.Login@7fb4f2a9]" started-at="2024-04-18T13:07:18 IST" name="captureScreenshot" finished-at="2024-04-18T13:07:18 IST" duration-ms="1" status="PASS">
          <params>
            <param index="0">
              <value>
                <![CDATA[[TestResult name=launch status=SUCCESS method=Login.launch(java.lang.String,java.lang.String,java.lang.String,java.lang.String,java.lang.String,java.lang.String)[pri:0, instance:Origin.AFMC.Login@7fb4f2a9] output={null}]]]>
              </value>
            </param>
          </params>
          <reporter-output>
          </reporter-output>
        </test-method> <!-- captureScreenshot -->
        <test-method signature="launch(java.lang.String,java.lang.String,java.lang.String,java.lang.String,java.lang.String,java.lang.String)[pri:0, instance:Origin.AFMC.Login@7fb4f2a9]" started-at="2024-04-18T13:07:18 IST" name="launch" data-provider="logindata" finished-at="2024-04-18T13:07:21 IST" duration-ms="2346" status="PASS">
          <params>
            <param index="0">
              <value>
                <![CDATA[B44H-7YZ-KQ9]]>
              </value>
            </param>
            <param index="1">
              <value>
                <![CDATA[Ferterra]]>
              </value>
            </param>
            <param index="2">
              <value>
                <![CDATA[4KG]]>
              </value>
            </param>
            <param index="3">
              <value>
                <![CDATA[0424BT0050]]>
              </value>
            </param>
            <param index="4">
              <value>
                <![CDATA[16-Apr-2024]]>
              </value>
            </param>
            <param index="5">
              <value>
                <![CDATA[15-Apr-2026]]>
              </value>
            </param>
          </params>
          <reporter-output>
          </reporter-output>
        </test-method> <!-- launch -->
        <test-method is-config="true" signature="captureScreenshot(org.testng.ITestResult)[pri:0, instance:Origin.AFMC.Login@7fb4f2a9]" started-at="2024-04-18T13:07:21 IST" name="captureScreenshot" finished-at="2024-04-18T13:07:21 IST" duration-ms="1" status="PASS">
          <params>
            <param index="0">
              <value>
                <![CDATA[[TestResult name=launch status=SUCCESS method=Login.launch(java.lang.String,java.lang.String,java.lang.String,java.lang.String,java.lang.String,java.lang.String)[pri:0, instance:Origin.AFMC.Login@7fb4f2a9] output={null}]]]>
              </value>
            </param>
          </params>
          <reporter-output>
          </reporter-output>
        </test-method> <!-- captureScreenshot -->
        <test-method signature="launch(java.lang.String,java.lang.String,java.lang.String,java.lang.String,java.lang.String,java.lang.String)[pri:0, instance:Origin.AFMC.Login@7fb4f2a9]" started-at="2024-04-18T13:07:21 IST" name="launch" data-provider="logindata" finished-at="2024-04-18T13:07:23 IST" duration-ms="2085" status="PASS">
          <params>
            <param index="0">
              <value>
                <![CDATA[B44H-6EL-21F]]>
              </value>
            </param>
            <param index="1">
              <value>
                <![CDATA[Ferterra]]>
              </value>
            </param>
            <param index="2">
              <value>
                <![CDATA[4KG]]>
              </value>
            </param>
            <param index="3">
              <value>
                <![CDATA[0424BT0050]]>
              </value>
            </param>
            <param index="4">
              <value>
                <![CDATA[16-Apr-2024]]>
              </value>
            </param>
            <param index="5">
              <value>
                <![CDATA[15-Apr-2026]]>
              </value>
            </param>
          </params>
          <reporter-output>
          </reporter-output>
        </test-method> <!-- launch -->
        <test-method is-config="true" signature="captureScreenshot(org.testng.ITestResult)[pri:0, instance:Origin.AFMC.Login@7fb4f2a9]" started-at="2024-04-18T13:07:23 IST" name="captureScreenshot" finished-at="2024-04-18T13:07:23 IST" duration-ms="1" status="PASS">
          <params>
            <param index="0">
              <value>
                <![CDATA[[TestResult name=launch status=SUCCESS method=Login.launch(java.lang.String,java.lang.String,java.lang.String,java.lang.String,java.lang.String,java.lang.String)[pri:0, instance:Origin.AFMC.Login@7fb4f2a9] output={null}]]]>
              </value>
            </param>
          </params>
          <reporter-output>
          </reporter-output>
        </test-method> <!-- captureScreenshot -->
        <test-method signature="launch(java.lang.String,java.lang.String,java.lang.String,java.lang.String,java.lang.String,java.lang.String)[pri:0, instance:Origin.AFMC.Login@7fb4f2a9]" started-at="2024-04-18T13:07:23 IST" name="launch" data-provider="logindata" finished-at="2024-04-18T13:07:25 IST" duration-ms="1995" status="PASS">
          <params>
            <param index="0">
              <value>
                <![CDATA[C44-F0C-4R0]]>
              </value>
            </param>
            <param index="1">
              <value>
                <![CDATA[FERTERRA]]>
              </value>
            </param>
            <param index="2">
              <value>
                <![CDATA[4KG]]>
              </value>
            </param>
            <param index="3">
              <value>
                <![CDATA[0424PS0062]]>
              </value>
            </param>
            <param index="4">
              <value>
                <![CDATA[16-Apr-2024]]>
              </value>
            </param>
            <param index="5">
              <value>
                <![CDATA[15-Apr-2026]]>
              </value>
            </param>
          </params>
          <reporter-output>
          </reporter-output>
        </test-method> <!-- launch -->
        <test-method is-config="true" signature="captureScreenshot(org.testng.ITestResult)[pri:0, instance:Origin.AFMC.Login@7fb4f2a9]" started-at="2024-04-18T13:07:25 IST" name="captureScreenshot" finished-at="2024-04-18T13:07:25 IST" duration-ms="0" status="PASS">
          <params>
            <param index="0">
              <value>
                <![CDATA[[TestResult name=launch status=SUCCESS method=Login.launch(java.lang.String,java.lang.String,java.lang.String,java.lang.String,java.lang.String,java.lang.String)[pri:0, instance:Origin.AFMC.Login@7fb4f2a9] output={null}]]]>
              </value>
            </param>
          </params>
          <reporter-output>
          </reporter-output>
        </test-method> <!-- captureScreenshot -->
        <test-method signature="launch(java.lang.String,java.lang.String,java.lang.String,java.lang.String,java.lang.String,java.lang.String)[pri:0, instance:Origin.AFMC.Login@7fb4f2a9]" started-at="2024-04-18T13:07:25 IST" name="launch" data-provider="logindata" finished-at="2024-04-18T13:07:26 IST" duration-ms="1830" status="PASS">
          <params>
            <param index="0">
              <value>
                <![CDATA[C44F-3EQ-58D]]>
              </value>
            </param>
            <param index="1">
              <value>
                <![CDATA[FERTERRA]]>
              </value>
            </param>
            <param index="2">
              <value>
                <![CDATA[4KG]]>
              </value>
            </param>
            <param index="3">
              <value>
                <![CDATA[0424PS0062]]>
              </value>
            </param>
            <param index="4">
              <value>
                <![CDATA[16-Apr-2024]]>
              </value>
            </param>
            <param index="5">
              <value>
                <![CDATA[15-Apr-2026]]>
              </value>
            </param>
          </params>
          <reporter-output>
          </reporter-output>
        </test-method> <!-- launch -->
        <test-method is-config="true" signature="captureScreenshot(org.testng.ITestResult)[pri:0, instance:Origin.AFMC.Login@7fb4f2a9]" started-at="2024-04-18T13:07:26 IST" name="captureScreenshot" finished-at="2024-04-18T13:07:26 IST" duration-ms="1" status="PASS">
          <params>
            <param index="0">
              <value>
                <![CDATA[[TestResult name=launch status=SUCCESS method=Login.launch(java.lang.String,java.lang.String,java.lang.String,java.lang.String,java.lang.String,java.lang.String)[pri:0, instance:Origin.AFMC.Login@7fb4f2a9] output={null}]]]>
              </value>
            </param>
          </params>
          <reporter-output>
          </reporter-output>
        </test-method> <!-- captureScreenshot -->
        <test-method signature="launch(java.lang.String,java.lang.String,java.lang.String,java.lang.String,java.lang.String,java.lang.String)[pri:0, instance:Origin.AFMC.Login@7fb4f2a9]" started-at="2024-04-18T13:07:26 IST" name="launch" data-provider="logindata" finished-at="2024-04-18T13:07:28 IST" duration-ms="1842" status="PASS">
          <params>
            <param index="0">
              <value>
                <![CDATA[C44F-2GS-RWU]]>
              </value>
            </param>
            <param index="1">
              <value>
                <![CDATA[FERTERRA]]>
              </value>
            </param>
            <param index="2">
              <value>
                <![CDATA[4KG]]>
              </value>
            </param>
            <param index="3">
              <value>
                <![CDATA[0424PS0062]]>
              </value>
            </param>
            <param index="4">
              <value>
                <![CDATA[16-Apr-2024]]>
              </value>
            </param>
            <param index="5">
              <value>
                <![CDATA[15-Apr-2026]]>
              </value>
            </param>
          </params>
          <reporter-output>
          </reporter-output>
        </test-method> <!-- launch -->
        <test-method is-config="true" signature="captureScreenshot(org.testng.ITestResult)[pri:0, instance:Origin.AFMC.Login@7fb4f2a9]" started-at="2024-04-18T13:07:28 IST" name="captureScreenshot" finished-at="2024-04-18T13:07:28 IST" duration-ms="0" status="PASS">
          <params>
            <param index="0">
              <value>
                <![CDATA[[TestResult name=launch status=SUCCESS method=Login.launch(java.lang.String,java.lang.String,java.lang.String,java.lang.String,java.lang.String,java.lang.String)[pri:0, instance:Origin.AFMC.Login@7fb4f2a9] output={null}]]]>
              </value>
            </param>
          </params>
          <reporter-output>
          </reporter-output>
        </test-method> <!-- captureScreenshot -->
        <test-method signature="launch(java.lang.String,java.lang.String,java.lang.String,java.lang.String,java.lang.String,java.lang.String)[pri:0, instance:Origin.AFMC.Login@7fb4f2a9]" started-at="2024-04-18T13:07:28 IST" name="launch" data-provider="logindata" finished-at="2024-04-18T13:07:31 IST" duration-ms="2542" status="PASS">
          <params>
            <param index="0">
              <value>
                <![CDATA[C44D-YVK-38D]]>
              </value>
            </param>
            <param index="1">
              <value>
                <![CDATA[FERTERRA]]>
              </value>
            </param>
            <param index="2">
              <value>
                <![CDATA[4KG]]>
              </value>
            </param>
            <param index="3">
              <value>
                <![CDATA[0424PS0062]]>
              </value>
            </param>
            <param index="4">
              <value>
                <![CDATA[16-Apr-2024]]>
              </value>
            </param>
            <param index="5">
              <value>
                <![CDATA[15-Apr-2026]]>
              </value>
            </param>
          </params>
          <reporter-output>
          </reporter-output>
        </test-method> <!-- launch -->
        <test-method is-config="true" signature="captureScreenshot(org.testng.ITestResult)[pri:0, instance:Origin.AFMC.Login@7fb4f2a9]" started-at="2024-04-18T13:07:31 IST" name="captureScreenshot" finished-at="2024-04-18T13:07:31 IST" duration-ms="2" status="PASS">
          <params>
            <param index="0">
              <value>
                <![CDATA[[TestResult name=launch status=SUCCESS method=Login.launch(java.lang.String,java.lang.String,java.lang.String,java.lang.String,java.lang.String,java.lang.String)[pri:0, instance:Origin.AFMC.Login@7fb4f2a9] output={null}]]]>
              </value>
            </param>
          </params>
          <reporter-output>
          </reporter-output>
        </test-method> <!-- captureScreenshot -->
        <test-method signature="launch(java.lang.String,java.lang.String,java.lang.String,java.lang.String,java.lang.String,java.lang.String)[pri:0, instance:Origin.AFMC.Login@7fb4f2a9]" started-at="2024-04-18T13:07:31 IST" name="launch" data-provider="logindata" finished-at="2024-04-18T13:07:33 IST" duration-ms="1950" status="PASS">
          <params>
            <param index="0">
              <value>
                <![CDATA[C44F-6K6-SE3]]>
              </value>
            </param>
            <param index="1">
              <value>
                <![CDATA[FERTERRA]]>
              </value>
            </param>
            <param index="2">
              <value>
                <![CDATA[4KG]]>
              </value>
            </param>
            <param index="3">
              <value>
                <![CDATA[0424PS0062]]>
              </value>
            </param>
            <param index="4">
              <value>
                <![CDATA[16-Apr-2024]]>
              </value>
            </param>
            <param index="5">
              <value>
                <![CDATA[15-Apr-2026]]>
              </value>
            </param>
          </params>
          <reporter-output>
          </reporter-output>
        </test-method> <!-- launch -->
        <test-method is-config="true" signature="captureScreenshot(org.testng.ITestResult)[pri:0, instance:Origin.AFMC.Login@7fb4f2a9]" started-at="2024-04-18T13:07:33 IST" name="captureScreenshot" finished-at="2024-04-18T13:07:33 IST" duration-ms="1" status="PASS">
          <params>
            <param index="0">
              <value>
                <![CDATA[[TestResult name=launch status=SUCCESS method=Login.launch(java.lang.String,java.lang.String,java.lang.String,java.lang.String,java.lang.String,java.lang.String)[pri:0, instance:Origin.AFMC.Login@7fb4f2a9] output={null}]]]>
              </value>
            </param>
          </params>
          <reporter-output>
          </reporter-output>
        </test-method> <!-- captureScreenshot -->
        <test-method signature="launch(java.lang.String,java.lang.String,java.lang.String,java.lang.String,java.lang.String,java.lang.String)[pri:0, instance:Origin.AFMC.Login@7fb4f2a9]" started-at="2024-04-18T13:07:33 IST" name="launch" data-provider="logindata" finished-at="2024-04-18T13:07:35 IST" duration-ms="1968" status="PASS">
          <params>
            <param index="0">
              <value>
                <![CDATA[C44F-YH7-HXR]]>
              </value>
            </param>
            <param index="1">
              <value>
                <![CDATA[FERTERRA]]>
              </value>
            </param>
            <param index="2">
              <value>
                <![CDATA[4KG]]>
              </value>
            </param>
            <param index="3">
              <value>
                <![CDATA[0424PS0062]]>
              </value>
            </param>
            <param index="4">
              <value>
                <![CDATA[16-Apr-2024]]>
              </value>
            </param>
            <param index="5">
              <value>
                <![CDATA[15-Apr-2026]]>
              </value>
            </param>
          </params>
          <reporter-output>
          </reporter-output>
        </test-method> <!-- launch -->
        <test-method is-config="true" signature="captureScreenshot(org.testng.ITestResult)[pri:0, instance:Origin.AFMC.Login@7fb4f2a9]" started-at="2024-04-18T13:07:35 IST" name="captureScreenshot" finished-at="2024-04-18T13:07:35 IST" duration-ms="1" status="PASS">
          <params>
            <param index="0">
              <value>
                <![CDATA[[TestResult name=launch status=SUCCESS method=Login.launch(java.lang.String,java.lang.String,java.lang.String,java.lang.String,java.lang.String,java.lang.String)[pri:0, instance:Origin.AFMC.Login@7fb4f2a9] output={null}]]]>
              </value>
            </param>
          </params>
          <reporter-output>
          </reporter-output>
        </test-method> <!-- captureScreenshot -->
        <test-method signature="launch(java.lang.String,java.lang.String,java.lang.String,java.lang.String,java.lang.String,java.lang.String)[pri:0, instance:Origin.AFMC.Login@7fb4f2a9]" started-at="2024-04-18T13:07:35 IST" name="launch" data-provider="logindata" finished-at="2024-04-18T13:07:37 IST" duration-ms="1988" status="PASS">
          <params>
            <param index="0">
              <value>
                <![CDATA[G44-GBM-254]]>
              </value>
            </param>
            <param index="1">
              <value>
                <![CDATA[FERTERRA]]>
              </value>
            </param>
            <param index="2">
              <value>
                <![CDATA[4KG]]>
              </value>
            </param>
            <param index="3">
              <value>
                <![CDATA[0424VC0070]]>
              </value>
            </param>
            <param index="4">
              <value>
                <![CDATA[16-Apr-2024]]>
              </value>
            </param>
            <param index="5">
              <value>
                <![CDATA[15-Apr-2026]]>
              </value>
            </param>
          </params>
          <reporter-output>
          </reporter-output>
        </test-method> <!-- launch -->
        <test-method is-config="true" signature="captureScreenshot(org.testng.ITestResult)[pri:0, instance:Origin.AFMC.Login@7fb4f2a9]" started-at="2024-04-18T13:07:37 IST" name="captureScreenshot" finished-at="2024-04-18T13:07:37 IST" duration-ms="1" status="PASS">
          <params>
            <param index="0">
              <value>
                <![CDATA[[TestResult name=launch status=SUCCESS method=Login.launch(java.lang.String,java.lang.String,java.lang.String,java.lang.String,java.lang.String,java.lang.String)[pri:0, instance:Origin.AFMC.Login@7fb4f2a9] output={null}]]]>
              </value>
            </param>
          </params>
          <reporter-output>
          </reporter-output>
        </test-method> <!-- captureScreenshot -->
        <test-method signature="launch(java.lang.String,java.lang.String,java.lang.String,java.lang.String,java.lang.String,java.lang.String)[pri:0, instance:Origin.AFMC.Login@7fb4f2a9]" started-at="2024-04-18T13:07:37 IST" name="launch" data-provider="logindata" finished-at="2024-04-18T13:07:39 IST" duration-ms="1961" status="PASS">
          <params>
            <param index="0">
              <value>
                <![CDATA[G44G-MN7-EJT]]>
              </value>
            </param>
            <param index="1">
              <value>
                <![CDATA[FERTERRA]]>
              </value>
            </param>
            <param index="2">
              <value>
                <![CDATA[4KG]]>
              </value>
            </param>
            <param index="3">
              <value>
                <![CDATA[0424VC0070]]>
              </value>
            </param>
            <param index="4">
              <value>
                <![CDATA[16-Apr-2024]]>
              </value>
            </param>
            <param index="5">
              <value>
                <![CDATA[15-Apr-2026]]>
              </value>
            </param>
          </params>
          <reporter-output>
          </reporter-output>
        </test-method> <!-- launch -->
        <test-method is-config="true" signature="captureScreenshot(org.testng.ITestResult)[pri:0, instance:Origin.AFMC.Login@7fb4f2a9]" started-at="2024-04-18T13:07:39 IST" name="captureScreenshot" finished-at="2024-04-18T13:07:39 IST" duration-ms="0" status="PASS">
          <params>
            <param index="0">
              <value>
                <![CDATA[[TestResult name=launch status=SUCCESS method=Login.launch(java.lang.String,java.lang.String,java.lang.String,java.lang.String,java.lang.String,java.lang.String)[pri:0, instance:Origin.AFMC.Login@7fb4f2a9] output={null}]]]>
              </value>
            </param>
          </params>
          <reporter-output>
          </reporter-output>
        </test-method> <!-- captureScreenshot -->
        <test-method signature="launch(java.lang.String,java.lang.String,java.lang.String,java.lang.String,java.lang.String,java.lang.String)[pri:0, instance:Origin.AFMC.Login@7fb4f2a9]" started-at="2024-04-18T13:07:39 IST" name="launch" data-provider="logindata" finished-at="2024-04-18T13:07:41 IST" duration-ms="1935" status="PASS">
          <params>
            <param index="0">
              <value>
                <![CDATA[G44G-ATR-N4V]]>
              </value>
            </param>
            <param index="1">
              <value>
                <![CDATA[FERTERRA]]>
              </value>
            </param>
            <param index="2">
              <value>
                <![CDATA[4KG]]>
              </value>
            </param>
            <param index="3">
              <value>
                <![CDATA[0424VC0070]]>
              </value>
            </param>
            <param index="4">
              <value>
                <![CDATA[16-Apr-2024]]>
              </value>
            </param>
            <param index="5">
              <value>
                <![CDATA[15-Apr-2026]]>
              </value>
            </param>
          </params>
          <reporter-output>
          </reporter-output>
        </test-method> <!-- launch -->
        <test-method is-config="true" signature="captureScreenshot(org.testng.ITestResult)[pri:0, instance:Origin.AFMC.Login@7fb4f2a9]" started-at="2024-04-18T13:07:41 IST" name="captureScreenshot" finished-at="2024-04-18T13:07:41 IST" duration-ms="1" status="PASS">
          <params>
            <param index="0">
              <value>
                <![CDATA[[TestResult name=launch status=SUCCESS method=Login.launch(java.lang.String,java.lang.String,java.lang.String,java.lang.String,java.lang.String,java.lang.String)[pri:0, instance:Origin.AFMC.Login@7fb4f2a9] output={null}]]]>
              </value>
            </param>
          </params>
          <reporter-output>
          </reporter-output>
        </test-method> <!-- captureScreenshot -->
        <test-method signature="launch(java.lang.String,java.lang.String,java.lang.String,java.lang.String,java.lang.String,java.lang.String)[pri:0, instance:Origin.AFMC.Login@7fb4f2a9]" started-at="2024-04-18T13:07:41 IST" name="launch" data-provider="logindata" finished-at="2024-04-18T13:07:43 IST" duration-ms="2045" status="PASS">
          <params>
            <param index="0">
              <value>
                <![CDATA[G44G-1I8-9VQ]]>
              </value>
            </param>
            <param index="1">
              <value>
                <![CDATA[FERTERRA]]>
              </value>
            </param>
            <param index="2">
              <value>
                <![CDATA[4KG]]>
              </value>
            </param>
            <param index="3">
              <value>
                <![CDATA[0424VC0070]]>
              </value>
            </param>
            <param index="4">
              <value>
                <![CDATA[16-Apr-2024]]>
              </value>
            </param>
            <param index="5">
              <value>
                <![CDATA[15-Apr-2026]]>
              </value>
            </param>
          </params>
          <reporter-output>
          </reporter-output>
        </test-method> <!-- launch -->
        <test-method is-config="true" signature="captureScreenshot(org.testng.ITestResult)[pri:0, instance:Origin.AFMC.Login@7fb4f2a9]" started-at="2024-04-18T13:07:43 IST" name="captureScreenshot" finished-at="2024-04-18T13:07:43 IST" duration-ms="1" status="PASS">
          <params>
            <param index="0">
              <value>
                <![CDATA[[TestResult name=launch status=SUCCESS method=Login.launch(java.lang.String,java.lang.String,java.lang.String,java.lang.String,java.lang.String,java.lang.String)[pri:0, instance:Origin.AFMC.Login@7fb4f2a9] output={null}]]]>
              </value>
            </param>
          </params>
          <reporter-output>
          </reporter-output>
        </test-method> <!-- captureScreenshot -->
        <test-method signature="launch(java.lang.String,java.lang.String,java.lang.String,java.lang.String,java.lang.String,java.lang.String)[pri:0, instance:Origin.AFMC.Login@7fb4f2a9]" started-at="2024-04-18T13:07:43 IST" name="launch" data-provider="logindata" finished-at="2024-04-18T13:07:45 IST" duration-ms="1850" status="PASS">
          <params>
            <param index="0">
              <value>
                <![CDATA[G44G-OPO-P8L]]>
              </value>
            </param>
            <param index="1">
              <value>
                <![CDATA[FERTERRA]]>
              </value>
            </param>
            <param index="2">
              <value>
                <![CDATA[4KG]]>
              </value>
            </param>
            <param index="3">
              <value>
                <![CDATA[0424VC0070]]>
              </value>
            </param>
            <param index="4">
              <value>
                <![CDATA[16-Apr-2024]]>
              </value>
            </param>
            <param index="5">
              <value>
                <![CDATA[15-Apr-2026]]>
              </value>
            </param>
          </params>
          <reporter-output>
          </reporter-output>
        </test-method> <!-- launch -->
        <test-method is-config="true" signature="captureScreenshot(org.testng.ITestResult)[pri:0, instance:Origin.AFMC.Login@7fb4f2a9]" started-at="2024-04-18T13:07:45 IST" name="captureScreenshot" finished-at="2024-04-18T13:07:45 IST" duration-ms="1" status="PASS">
          <params>
            <param index="0">
              <value>
                <![CDATA[[TestResult name=launch status=SUCCESS method=Login.launch(java.lang.String,java.lang.String,java.lang.String,java.lang.String,java.lang.String,java.lang.String)[pri:0, instance:Origin.AFMC.Login@7fb4f2a9] output={null}]]]>
              </value>
            </param>
          </params>
          <reporter-output>
          </reporter-output>
        </test-method> <!-- captureScreenshot -->
        <test-method signature="launch(java.lang.String,java.lang.String,java.lang.String,java.lang.String,java.lang.String,java.lang.String)[pri:0, instance:Origin.AFMC.Login@7fb4f2a9]" started-at="2024-04-18T13:07:45 IST" name="launch" data-provider="logindata" finished-at="2024-04-18T13:07:47 IST" duration-ms="1874" status="PASS">
          <params>
            <param index="0">
              <value>
                <![CDATA[G44G-VL3-FXG]]>
              </value>
            </param>
            <param index="1">
              <value>
                <![CDATA[FERTERRA]]>
              </value>
            </param>
            <param index="2">
              <value>
                <![CDATA[4KG]]>
              </value>
            </param>
            <param index="3">
              <value>
                <![CDATA[0424VC0070]]>
              </value>
            </param>
            <param index="4">
              <value>
                <![CDATA[16-Apr-2024]]>
              </value>
            </param>
            <param index="5">
              <value>
                <![CDATA[15-Apr-2026]]>
              </value>
            </param>
          </params>
          <reporter-output>
          </reporter-output>
        </test-method> <!-- launch -->
        <test-method is-config="true" signature="captureScreenshot(org.testng.ITestResult)[pri:0, instance:Origin.AFMC.Login@7fb4f2a9]" started-at="2024-04-18T13:07:47 IST" name="captureScreenshot" finished-at="2024-04-18T13:07:47 IST" duration-ms="1" status="PASS">
          <params>
            <param index="0">
              <value>
                <![CDATA[[TestResult name=launch status=SUCCESS method=Login.launch(java.lang.String,java.lang.String,java.lang.String,java.lang.String,java.lang.String,java.lang.String)[pri:0, instance:Origin.AFMC.Login@7fb4f2a9] output={null}]]]>
              </value>
            </param>
          </params>
          <reporter-output>
          </reporter-output>
        </test-method> <!-- captureScreenshot -->
        <test-method signature="launch(java.lang.String,java.lang.String,java.lang.String,java.lang.String,java.lang.String,java.lang.String)[pri:0, instance:Origin.AFMC.Login@7fb4f2a9]" started-at="2024-04-18T13:07:47 IST" name="launch" data-provider="logindata" finished-at="2024-04-18T13:07:49 IST" duration-ms="2100" status="PASS">
          <params>
            <param index="0">
              <value>
                <![CDATA[A44-HXO-MCA]]>
              </value>
            </param>
            <param index="1">
              <value>
                <![CDATA[BENEVIA]]>
              </value>
            </param>
            <param index="2">
              <value>
                <![CDATA[360ML]]>
              </value>
            </param>
            <param index="3">
              <value>
                <![CDATA[189802]]>
              </value>
            </param>
            <param index="4">
              <value>
                <![CDATA[16-Apr-2024]]>
              </value>
            </param>
            <param index="5">
              <value>
                <![CDATA[15-Apr-2026]]>
              </value>
            </param>
          </params>
          <reporter-output>
          </reporter-output>
        </test-method> <!-- launch -->
        <test-method is-config="true" signature="captureScreenshot(org.testng.ITestResult)[pri:0, instance:Origin.AFMC.Login@7fb4f2a9]" started-at="2024-04-18T13:07:49 IST" name="captureScreenshot" finished-at="2024-04-18T13:07:49 IST" duration-ms="0" status="PASS">
          <params>
            <param index="0">
              <value>
                <![CDATA[[TestResult name=launch status=SUCCESS method=Login.launch(java.lang.String,java.lang.String,java.lang.String,java.lang.String,java.lang.String,java.lang.String)[pri:0, instance:Origin.AFMC.Login@7fb4f2a9] output={null}]]]>
              </value>
            </param>
          </params>
          <reporter-output>
          </reporter-output>
        </test-method> <!-- captureScreenshot -->
        <test-method signature="launch(java.lang.String,java.lang.String,java.lang.String,java.lang.String,java.lang.String,java.lang.String)[pri:0, instance:Origin.AFMC.Login@7fb4f2a9]" started-at="2024-04-18T13:07:49 IST" name="launch" data-provider="logindata" finished-at="2024-04-18T13:07:51 IST" duration-ms="2488" status="PASS">
          <params>
            <param index="0">
              <value>
                <![CDATA[A44H-FMY-GKM]]>
              </value>
            </param>
            <param index="1">
              <value>
                <![CDATA[BENEVIA]]>
              </value>
            </param>
            <param index="2">
              <value>
                <![CDATA[360ML]]>
              </value>
            </param>
            <param index="3">
              <value>
                <![CDATA[189802]]>
              </value>
            </param>
            <param index="4">
              <value>
                <![CDATA[16-Apr-2024]]>
              </value>
            </param>
            <param index="5">
              <value>
                <![CDATA[15-Apr-2026]]>
              </value>
            </param>
          </params>
          <reporter-output>
          </reporter-output>
        </test-method> <!-- launch -->
        <test-method is-config="true" signature="captureScreenshot(org.testng.ITestResult)[pri:0, instance:Origin.AFMC.Login@7fb4f2a9]" started-at="2024-04-18T13:07:51 IST" name="captureScreenshot" finished-at="2024-04-18T13:07:51 IST" duration-ms="1" status="PASS">
          <params>
            <param index="0">
              <value>
                <![CDATA[[TestResult name=launch status=SUCCESS method=Login.launch(java.lang.String,java.lang.String,java.lang.String,java.lang.String,java.lang.String,java.lang.String)[pri:0, instance:Origin.AFMC.Login@7fb4f2a9] output={null}]]]>
              </value>
            </param>
          </params>
          <reporter-output>
          </reporter-output>
        </test-method> <!-- captureScreenshot -->
        <test-method signature="launch(java.lang.String,java.lang.String,java.lang.String,java.lang.String,java.lang.String,java.lang.String)[pri:0, instance:Origin.AFMC.Login@7fb4f2a9]" started-at="2024-04-18T13:07:51 IST" name="launch" data-provider="logindata" finished-at="2024-04-18T13:07:53 IST" duration-ms="2041" status="PASS">
          <params>
            <param index="0">
              <value>
                <![CDATA[A44H-HYG-8XE]]>
              </value>
            </param>
            <param index="1">
              <value>
                <![CDATA[BENEVIA]]>
              </value>
            </param>
            <param index="2">
              <value>
                <![CDATA[360ML]]>
              </value>
            </param>
            <param index="3">
              <value>
                <![CDATA[189802]]>
              </value>
            </param>
            <param index="4">
              <value>
                <![CDATA[16-Apr-2024]]>
              </value>
            </param>
            <param index="5">
              <value>
                <![CDATA[15-Apr-2026]]>
              </value>
            </param>
          </params>
          <reporter-output>
          </reporter-output>
        </test-method> <!-- launch -->
        <test-method is-config="true" signature="captureScreenshot(org.testng.ITestResult)[pri:0, instance:Origin.AFMC.Login@7fb4f2a9]" started-at="2024-04-18T13:07:53 IST" name="captureScreenshot" finished-at="2024-04-18T13:07:53 IST" duration-ms="1" status="PASS">
          <params>
            <param index="0">
              <value>
                <![CDATA[[TestResult name=launch status=SUCCESS method=Login.launch(java.lang.String,java.lang.String,java.lang.String,java.lang.String,java.lang.String,java.lang.String)[pri:0, instance:Origin.AFMC.Login@7fb4f2a9] output={null}]]]>
              </value>
            </param>
          </params>
          <reporter-output>
          </reporter-output>
        </test-method> <!-- captureScreenshot -->
        <test-method signature="launch(java.lang.String,java.lang.String,java.lang.String,java.lang.String,java.lang.String,java.lang.String)[pri:0, instance:Origin.AFMC.Login@7fb4f2a9]" started-at="2024-04-18T13:07:53 IST" name="launch" data-provider="logindata" finished-at="2024-04-18T13:07:56 IST" duration-ms="2157" status="PASS">
          <params>
            <param index="0">
              <value>
                <![CDATA[A44H-Z75-JUE]]>
              </value>
            </param>
            <param index="1">
              <value>
                <![CDATA[BENEVIA]]>
              </value>
            </param>
            <param index="2">
              <value>
                <![CDATA[360ML]]>
              </value>
            </param>
            <param index="3">
              <value>
                <![CDATA[189802]]>
              </value>
            </param>
            <param index="4">
              <value>
                <![CDATA[16-Apr-2024]]>
              </value>
            </param>
            <param index="5">
              <value>
                <![CDATA[15-Apr-2026]]>
              </value>
            </param>
          </params>
          <reporter-output>
          </reporter-output>
        </test-method> <!-- launch -->
        <test-method is-config="true" signature="captureScreenshot(org.testng.ITestResult)[pri:0, instance:Origin.AFMC.Login@7fb4f2a9]" started-at="2024-04-18T13:07:56 IST" name="captureScreenshot" finished-at="2024-04-18T13:07:56 IST" duration-ms="0" status="PASS">
          <params>
            <param index="0">
              <value>
                <![CDATA[[TestResult name=launch status=SUCCESS method=Login.launch(java.lang.String,java.lang.String,java.lang.String,java.lang.String,java.lang.String,java.lang.String)[pri:0, instance:Origin.AFMC.Login@7fb4f2a9] output={null}]]]>
              </value>
            </param>
          </params>
          <reporter-output>
          </reporter-output>
        </test-method> <!-- captureScreenshot -->
        <test-method signature="launch(java.lang.String,java.lang.String,java.lang.String,java.lang.String,java.lang.String,java.lang.String)[pri:0, instance:Origin.AFMC.Login@7fb4f2a9]" started-at="2024-04-18T13:07:56 IST" name="launch" data-provider="logindata" finished-at="2024-04-18T13:07:58 IST" duration-ms="1962" status="PASS">
          <params>
            <param index="0">
              <value>
                <![CDATA[A44H-7NY-EAY]]>
              </value>
            </param>
            <param index="1">
              <value>
                <![CDATA[BENEVIA]]>
              </value>
            </param>
            <param index="2">
              <value>
                <![CDATA[360ML]]>
              </value>
            </param>
            <param index="3">
              <value>
                <![CDATA[189802]]>
              </value>
            </param>
            <param index="4">
              <value>
                <![CDATA[16-Apr-2024]]>
              </value>
            </param>
            <param index="5">
              <value>
                <![CDATA[15-Apr-2026]]>
              </value>
            </param>
          </params>
          <reporter-output>
          </reporter-output>
        </test-method> <!-- launch -->
        <test-method is-config="true" signature="captureScreenshot(org.testng.ITestResult)[pri:0, instance:Origin.AFMC.Login@7fb4f2a9]" started-at="2024-04-18T13:07:58 IST" name="captureScreenshot" finished-at="2024-04-18T13:07:58 IST" duration-ms="0" status="PASS">
          <params>
            <param index="0">
              <value>
                <![CDATA[[TestResult name=launch status=SUCCESS method=Login.launch(java.lang.String,java.lang.String,java.lang.String,java.lang.String,java.lang.String,java.lang.String)[pri:0, instance:Origin.AFMC.Login@7fb4f2a9] output={null}]]]>
              </value>
            </param>
          </params>
          <reporter-output>
          </reporter-output>
        </test-method> <!-- captureScreenshot -->
        <test-method signature="launch(java.lang.String,java.lang.String,java.lang.String,java.lang.String,java.lang.String,java.lang.String)[pri:0, instance:Origin.AFMC.Login@7fb4f2a9]" started-at="2024-04-18T13:07:58 IST" name="launch" data-provider="logindata" finished-at="2024-04-18T13:08:00 IST" duration-ms="1983" status="PASS">
          <params>
            <param index="0">
              <value>
                <![CDATA[A44H-DJ4-1FX]]>
              </value>
            </param>
            <param index="1">
              <value>
                <![CDATA[BENEVIA]]>
              </value>
            </param>
            <param index="2">
              <value>
                <![CDATA[360ML]]>
              </value>
            </param>
            <param index="3">
              <value>
                <![CDATA[189802]]>
              </value>
            </param>
            <param index="4">
              <value>
                <![CDATA[16-Apr-2024]]>
              </value>
            </param>
            <param index="5">
              <value>
                <![CDATA[15-Apr-2026]]>
              </value>
            </param>
          </params>
          <reporter-output>
          </reporter-output>
        </test-method> <!-- launch -->
        <test-method is-config="true" signature="captureScreenshot(org.testng.ITestResult)[pri:0, instance:Origin.AFMC.Login@7fb4f2a9]" started-at="2024-04-18T13:08:00 IST" name="captureScreenshot" finished-at="2024-04-18T13:08:00 IST" duration-ms="0" status="PASS">
          <params>
            <param index="0">
              <value>
                <![CDATA[[TestResult name=launch status=SUCCESS method=Login.launch(java.lang.String,java.lang.String,java.lang.String,java.lang.String,java.lang.String,java.lang.String)[pri:0, instance:Origin.AFMC.Login@7fb4f2a9] output={null}]]]>
              </value>
            </param>
          </params>
          <reporter-output>
          </reporter-output>
        </test-method> <!-- captureScreenshot -->
      </class> <!-- Origin.AFMC.Login -->
    </test> <!-- Default test -->
  </suite> <!-- Default suite -->
</testng-results>
